<?xml version="1.0" encoding="UTF-8"?>
<!-- Generated by org.testng.reporters.JUnitReportReporter -->
<testsuite hostname="LAPTOP-162IDG75" failures="0" tests="2" name="com.fb.qa.testcases.HomepageTest" time="65.550" errors="0" timestamp="2020-06-17T08:36:22 IST" skipped="0">
  <testcase classname="com.fb.qa.testcases.HomepageTest" name="verifyhomepageTitleTest" time="20.972"/>
  <system-out/>
  <testcase classname="com.fb.qa.testcases.HomepageTest" name="clickonaccount" time="44.578"/>
  <system-out/>
</testsuite> <!-- com.fb.qa.testcases.HomepageTest -->
