<?xml version="1.0" encoding="UTF-8"?>
<!-- Generated by org.testng.reporters.JUnitReportReporter -->
<testsuite hostname="LAPTOP-162IDG75" failures="0" tests="2" name="com.fb.qa.testcases.LoginpageTest" time="30.564" errors="0" timestamp="2020-06-16T14:11:15 IST" skipped="0">
  <testcase classname="com.fb.qa.testcases.LoginpageTest" name="loginpagetitleTest" time="15.151"/>
  <system-out/>
  <testcase classname="com.fb.qa.testcases.LoginpageTest" name="loginTest" time="15.413"/>
  <system-out/>
</testsuite> <!-- com.fb.qa.testcases.LoginpageTest -->
